{
  "numTotalTestSuites": 6,
  "numPassedTestSuites": 4,
  "numFailedTestSuites": 2,
  "numPendingTestSuites": 0,
  "numTotalTests": 22,
  "numPassedTests": 20,
  "numFailedTests": 2,
  "numPendingTests": 0,
  "numTodoTests": 0,
  "snapshot": {
    "added": 0,
    "failure": false,
    "filesAdded": 0,
    "filesRemoved": 0,
    "filesRemovedList": [],
    "filesUnmatched": 0,
    "filesUpdated": 0,
    "matched": 0,
    "total": 0,
    "unchecked": 0,
    "uncheckedKeysByFile": [],
    "unmatched": 0,
    "updated": 0,
    "didUpdate": false
  },
  "startTime": 1762290395088,
  "success": false,
  "testResults": [
    {
      "assertionResults": [
        {
          "ancestorTitles": ["Logger (shared)"],
          "fullName": "Logger (shared) createLogger returns distinct instances; getLogger returns singleton",
          "status": "passed",
          "title": "createLogger returns distinct instances; getLogger returns singleton",
          "duration": 2.858641000000034,
          "failureMessages": [],
          "meta": {}
        },
        {
          "ancestorTitles": ["Logger (shared)"],
          "fullName": "Logger (shared) respects level filtering (info filtered when level is WARN)",
          "status": "passed",
          "title": "respects level filtering (info filtered when level is WARN)",
          "duration": 3.516736000000037,
          "failureMessages": [],
          "meta": {}
        },
        {
          "ancestorTitles": ["Logger (shared)"],
          "fullName": "Logger (shared) logRequest logs at the right level for 2xx/4xx/5xx",
          "status": "passed",
          "title": "logRequest logs at the right level for 2xx/4xx/5xx",
          "duration": 0.9627030000001469,
          "failureMessages": [],
          "meta": {}
        },
        {
          "ancestorTitles": ["Logger (shared)"],
          "fullName": "Logger (shared) logError includes stack and context details",
          "status": "passed",
          "title": "logError includes stack and context details",
          "duration": 5.358899000000065,
          "failureMessages": [],
          "meta": {}
        },
        {
          "ancestorTitles": ["Logger (shared)"],
          "fullName": "Logger (shared) logSecurityEvent emits SECURITY_EVENT with ip and userAgent",
          "status": "passed",
          "title": "logSecurityEvent emits SECURITY_EVENT with ip and userAgent",
          "duration": 0.5541619999999057,
          "failureMessages": [],
          "meta": {}
        },
        {
          "ancestorTitles": ["Logger (shared)"],
          "fullName": "Logger (shared) writes to file when file option provided",
          "status": "passed",
          "title": "writes to file when file option provided",
          "duration": 205.63723600000003,
          "failureMessages": [],
          "meta": {}
        },
        {
          "ancestorTitles": ["Logger (shared)"],
          "fullName": "Logger (shared) development console uses ANSI colour prefix when environment=development",
          "status": "passed",
          "title": "development console uses ANSI colour prefix when environment=development",
          "duration": 0.6329949999999371,
          "failureMessages": [],
          "meta": {}
        }
      ],
      "startTime": 1762290396108,
      "endTime": 1762290396327.633,
      "status": "passed",
      "message": "",
      "name": "/Users/morganlowman/Documents/GitHub/political-sphere/libs/shared/src/__tests__/logger.spec.js"
    },
    {
      "assertionResults": [
        {
          "ancestorTitles": ["Security utilities"],
          "fullName": "Security utilities sanitizeHtml escapes dangerous characters",
          "status": "passed",
          "title": "sanitizeHtml escapes dangerous characters",
          "duration": 3.8685230000000956,
          "failureMessages": [],
          "meta": {}
        },
        {
          "ancestorTitles": ["Security utilities"],
          "fullName": "Security utilities validates emails and urls",
          "status": "passed",
          "title": "validates emails and urls",
          "duration": 1.2180910000001859,
          "failureMessages": [],
          "meta": {}
        },
        {
          "ancestorTitles": ["Security utilities"],
          "fullName": "Security utilities validates length",
          "status": "passed",
          "title": "validates length",
          "duration": 0.3797420000000784,
          "failureMessages": [],
          "meta": {}
        },
        {
          "ancestorTitles": ["Security utilities"],
          "fullName": "Security utilities generates secure tokens and hashes",
          "status": "passed",
          "title": "generates secure tokens and hashes",
          "duration": 1.3951179999999113,
          "failureMessages": [],
          "meta": {}
        },
        {
          "ancestorTitles": ["Security utilities"],
          "fullName": "Security utilities validates categories and tags",
          "status": "passed",
          "title": "validates categories and tags",
          "duration": 0.7776329999999234,
          "failureMessages": [],
          "meta": {}
        },
        {
          "ancestorTitles": ["Security utilities"],
          "fullName": "Security utilities generates and validates csrf tokens",
          "status": "passed",
          "title": "generates and validates csrf tokens",
          "duration": 1.0269740000001093,
          "failureMessages": [],
          "meta": {}
        },
        {
          "ancestorTitles": ["Security utilities"],
          "fullName": "Security utilities creates security headers and cors headers",
          "status": "passed",
          "title": "creates security headers and cors headers",
          "duration": 2.3892269999998916,
          "failureMessages": [],
          "meta": {}
        },
        {
          "ancestorTitles": ["Security utilities"],
          "fullName": "Security utilities validates IP allowlist/blocklist",
          "status": "passed",
          "title": "validates IP allowlist/blocklist",
          "duration": 0.33504199999993034,
          "failureMessages": [],
          "meta": {}
        },
        {
          "ancestorTitles": ["Security utilities"],
          "fullName": "Security utilities detects dangerous input patterns",
          "status": "failed",
          "title": "detects dangerous input patterns",
          "duration": 5.0467029999999795,
          "failureMessages": [
            "ReferenceError: isValidInput is not defined\n    at /Users/morganlowman/Documents/GitHub/political-sphere/libs/shared/src/__tests__/security.spec.js:88:3\n    at file:///Users/morganlowman/Documents/GitHub/political-sphere/node_modules/@vitest/runner/dist/index.js:157:11\n    at file:///Users/morganlowman/Documents/GitHub/political-sphere/node_modules/@vitest/runner/dist/index.js:753:26\n    at file:///Users/morganlowman/Documents/GitHub/political-sphere/node_modules/@vitest/runner/dist/index.js:1636:20\n    at new Promise (<anonymous>)\n    at runWithTimeout (file:///Users/morganlowman/Documents/GitHub/political-sphere/node_modules/@vitest/runner/dist/index.js:1602:10)\n    at runTest (file:///Users/morganlowman/Documents/GitHub/political-sphere/node_modules/@vitest/runner/dist/index.js:1309:12)\n    at runSuite (file:///Users/morganlowman/Documents/GitHub/political-sphere/node_modules/@vitest/runner/dist/index.js:1468:8)\n    at runSuite (file:///Users/morganlowman/Documents/GitHub/political-sphere/node_modules/@vitest/runner/dist/index.js:1468:8)\n    at runFiles (file:///Users/morganlowman/Documents/GitHub/political-sphere/node_modules/@vitest/runner/dist/index.js:1526:3)"
          ],
          "meta": {}
        },
        {
          "ancestorTitles": ["Security utilities"],
          "fullName": "Security utilities rate limiter numeric and object options behave",
          "status": "failed",
          "title": "rate limiter numeric and object options behave",
          "duration": 0.9892330000000129,
          "failureMessages": [
            "ReferenceError: checkRateLimit is not defined\n    at /Users/morganlowman/Documents/GitHub/political-sphere/libs/shared/src/__tests__/security.spec.js:96:3\n    at file:///Users/morganlowman/Documents/GitHub/political-sphere/node_modules/@vitest/runner/dist/index.js:157:11\n    at file:///Users/morganlowman/Documents/GitHub/political-sphere/node_modules/@vitest/runner/dist/index.js:753:26\n    at file:///Users/morganlowman/Documents/GitHub/political-sphere/node_modules/@vitest/runner/dist/index.js:1636:20\n    at new Promise (<anonymous>)\n    at runWithTimeout (file:///Users/morganlowman/Documents/GitHub/political-sphere/node_modules/@vitest/runner/dist/index.js:1602:10)\n    at runTest (file:///Users/morganlowman/Documents/GitHub/political-sphere/node_modules/@vitest/runner/dist/index.js:1309:12)\n    at runSuite (file:///Users/morganlowman/Documents/GitHub/political-sphere/node_modules/@vitest/runner/dist/index.js:1468:8)\n    at runSuite (file:///Users/morganlowman/Documents/GitHub/political-sphere/node_modules/@vitest/runner/dist/index.js:1468:8)\n    at runFiles (file:///Users/morganlowman/Documents/GitHub/political-sphere/node_modules/@vitest/runner/dist/index.js:1526:3)"
          ],
          "meta": {}
        },
        {
          "ancestorTitles": ["Security utilities"],
          "fullName": "Security utilities createSecurityHeaders includes nonce and upgrade directives and frame options",
          "status": "passed",
          "title": "createSecurityHeaders includes nonce and upgrade directives and frame options",
          "duration": 0.547460000000001,
          "failureMessages": [],
          "meta": {}
        },
        {
          "ancestorTitles": ["Security utilities"],
          "fullName": "Security utilities getCorsHeaders respects CORS env allowed origins and defaults",
          "status": "passed",
          "title": "getCorsHeaders respects CORS env allowed origins and defaults",
          "duration": 0.3973559999999452,
          "failureMessages": [],
          "meta": {}
        },
        {
          "ancestorTitles": ["Security utilities"],
          "fullName": "Security utilities generateCsrfToken throws in production when CSRF_SECRET is missing",
          "status": "passed",
          "title": "generateCsrfToken throws in production when CSRF_SECRET is missing",
          "duration": 1.307209999999941,
          "failureMessages": [],
          "meta": {}
        }
      ],
      "startTime": 1762290396129,
      "endTime": 1762290396149.3071,
      "status": "failed",
      "message": "",
      "name": "/Users/morganlowman/Documents/GitHub/political-sphere/libs/shared/src/__tests__/security.spec.js"
    },
    {
      "assertionResults": [
        {
          "ancestorTitles": ["Telemetry (shared)"],
          "fullName": "Telemetry (shared) initTelemetry returns a NodeSDK-like object when called",
          "status": "passed",
          "title": "initTelemetry returns a NodeSDK-like object when called",
          "duration": 795.031301,
          "failureMessages": [],
          "meta": {}
        },
        {
          "ancestorTitles": ["Telemetry (shared)"],
          "fullName": "Telemetry (shared) startTelemetry starts the SDK without throwing",
          "status": "passed",
          "title": "startTelemetry starts the SDK without throwing",
          "duration": 10.563469000000168,
          "failureMessages": [],
          "meta": {}
        }
      ],
      "startTime": 1762290395589,
      "endTime": 1762290396394.5635,
      "status": "passed",
      "message": "",
      "name": "/Users/morganlowman/Documents/GitHub/political-sphere/libs/shared/src/__tests__/telemetry.spec.js"
    }
  ],
  "coverageMap": {
    "/Users/morganlowman/Documents/GitHub/political-sphere/libs/shared/src/security.js": {
      "path": "/Users/morganlowman/Documents/GitHub/political-sphere/libs/shared/src/security.js",
      "statementMap": {
        "0": { "start": { "line": 7, "column": 34 }, "end": { "line": 7, "column": null } },
        "1": { "start": { "line": 9, "column": 32 }, "end": { "line": 13, "column": null } },
        "2": { "start": { "line": 15, "column": 27 }, "end": { "line": 19, "column": null } },
        "3": { "start": { "line": 21, "column": 32 }, "end": { "line": 21, "column": null } },
        "4": { "start": { "line": 22, "column": 32 }, "end": { "line": 26, "column": null } },
        "5": { "start": { "line": 27, "column": 32 }, "end": { "line": 31, "column": null } },
        "6": { "start": { "line": 33, "column": 36 }, "end": { "line": 43, "column": null } },
        "7": { "start": { "line": 45, "column": 25 }, "end": { "line": 56, "column": null } },
        "8": { "start": { "line": 58, "column": 25 }, "end": { "line": 58, "column": null } },
        "9": { "start": { "line": 66, "column": 1 }, "end": { "line": 66, "column": null } },
        "10": { "start": { "line": 66, "column": 32 }, "end": { "line": 66, "column": null } },
        "11": { "start": { "line": 68, "column": 1 }, "end": { "line": 74, "column": null } },
        "12": { "start": { "line": 83, "column": 1 }, "end": { "line": 83, "column": null } },
        "13": { "start": { "line": 83, "column": 32 }, "end": { "line": 83, "column": null } },
        "14": { "start": { "line": 86, "column": 27 }, "end": { "line": 104, "column": null } },
        "15": { "start": { "line": 106, "column": 1 }, "end": { "line": 106, "column": null } },
        "16": { "start": { "line": 106, "column": 45 }, "end": { "line": 106, "column": 64 } },
        "17": { "start": { "line": 115, "column": 20 }, "end": { "line": 115, "column": null } },
        "18": { "start": { "line": 116, "column": 1 }, "end": { "line": 116, "column": null } },
        "19": { "start": { "line": 126, "column": 1 }, "end": { "line": 131, "column": null } },
        "20": { "start": { "line": 127, "column": 17 }, "end": { "line": 127, "column": null } },
        "21": { "start": { "line": 128, "column": 2 }, "end": { "line": 128, "column": null } },
        "22": { "start": { "line": 130, "column": 2 }, "end": { "line": 130, "column": null } },
        "23": { "start": { "line": 142, "column": 1 }, "end": { "line": 142, "column": null } },
        "24": { "start": { "line": 142, "column": 32 }, "end": { "line": 142, "column": null } },
        "25": { "start": { "line": 143, "column": 1 }, "end": { "line": 143, "column": null } },
        "26": { "start": { "line": 147, "column": 19 }, "end": { "line": 147, "column": null } },
        "27": { "start": { "line": 148, "column": 1 }, "end": { "line": 150, "column": null } },
        "28": { "start": { "line": 149, "column": 2 }, "end": { "line": 149, "column": null } },
        "29": { "start": { "line": 151, "column": 1 }, "end": { "line": 155, "column": null } },
        "30": { "start": { "line": 152, "column": 2 }, "end": { "line": 154, "column": null } },
        "31": { "start": { "line": 156, "column": 1 }, "end": { "line": 156, "column": null } },
        "32": { "start": { "line": 165, "column": 1 }, "end": { "line": 167, "column": null } },
        "33": { "start": { "line": 166, "column": 2 }, "end": { "line": 166, "column": null } },
        "34": { "start": { "line": 168, "column": 1 }, "end": { "line": 168, "column": null } },
        "35": { "start": { "line": 177, "column": 1 }, "end": { "line": 177, "column": null } },
        "36": { "start": { "line": 186, "column": 1 }, "end": { "line": 186, "column": null } },
        "37": { "start": { "line": 186, "column": 35 }, "end": { "line": 186, "column": null } },
        "38": { "start": { "line": 187, "column": 19 }, "end": { "line": 187, "column": null } },
        "39": { "start": { "line": 189, "column": 1 }, "end": { "line": 189, "column": null } },
        "40": { "start": { "line": 198, "column": 1 }, "end": { "line": 198, "column": null } },
        "41": { "start": { "line": 198, "column": 30 }, "end": { "line": 198, "column": null } },
        "42": { "start": { "line": 200, "column": 19 }, "end": { "line": 200, "column": null } },
        "43": { "start": { "line": 203, "column": 18 }, "end": { "line": 203, "column": null } },
        "44": { "start": { "line": 205, "column": 1 }, "end": { "line": 205, "column": null } },
        "45": { "start": { "line": 211, "column": 23 }, "end": { "line": 211, "column": null } },
        "46": { "start": { "line": 214, "column": 1 }, "end": { "line": 222, "column": null } },
        "47": { "start": { "line": 215, "column": 2 }, "end": { "line": 221, "column": null } },
        "48": { "start": { "line": 224, "column": 21 }, "end": { "line": 226, "column": null } },
        "49": { "start": { "line": 228, "column": 18 }, "end": { "line": 230, "column": null } },
        "50": { "start": { "line": 232, "column": 17 }, "end": { "line": 234, "column": null } },
        "51": { "start": { "line": 236, "column": 1 }, "end": { "line": 236, "column": null } },
        "52": { "start": { "line": 240, "column": 18 }, "end": { "line": 240, "column": null } },
        "53": { "start": { "line": 241, "column": 1 }, "end": { "line": 241, "column": null } },
        "54": { "start": { "line": 241, "column": 20 }, "end": { "line": 241, "column": null } },
        "55": { "start": { "line": 242, "column": 14 }, "end": { "line": 242, "column": null } },
        "56": { "start": { "line": 243, "column": 1 }, "end": { "line": 247, "column": null } },
        "57": { "start": { "line": 243, "column": 14 }, "end": { "line": 243, "column": 17 } },
        "58": { "start": { "line": 244, "column": 14 }, "end": { "line": 244, "column": null } },
        "59": { "start": { "line": 245, "column": 2 }, "end": { "line": 245, "column": null } },
        "60": { "start": { "line": 245, "column": 12 }, "end": { "line": 245, "column": null } },
        "61": { "start": { "line": 246, "column": 2 }, "end": { "line": 246, "column": null } },
        "62": { "start": { "line": 258, "column": 44 }, "end": { "line": 258, "column": null } },
        "63": { "start": { "line": 260, "column": 13 }, "end": { "line": 260, "column": null } },
        "64": { "start": { "line": 261, "column": 16 }, "end": { "line": 266, "column": null } },
        "65": { "start": { "line": 269, "column": 1 }, "end": { "line": 272, "column": null } },
        "66": { "start": { "line": 270, "column": 2 }, "end": { "line": 270, "column": null } },
        "67": { "start": { "line": 271, "column": 2 }, "end": { "line": 271, "column": null } },
        "68": { "start": { "line": 274, "column": 1 }, "end": { "line": 274, "column": null } },
        "69": { "start": { "line": 275, "column": 1 }, "end": { "line": 275, "column": null } },
        "70": { "start": { "line": 276, "column": 1 }, "end": { "line": 276, "column": null } },
        "71": { "start": { "line": 277, "column": 1 }, "end": { "line": 277, "column": null } },
        "72": { "start": { "line": 279, "column": 1 }, "end": { "line": 279, "column": null } },
        "73": { "start": { "line": 281, "column": 1 }, "end": { "line": 281, "column": null } },
        "74": { "start": { "line": 290, "column": 35 }, "end": { "line": 290, "column": null } },
        "75": { "start": { "line": 291, "column": 16 }, "end": { "line": 296, "column": null } },
        "76": { "start": { "line": 297, "column": 13 }, "end": { "line": 297, "column": null } },
        "77": { "start": { "line": 298, "column": 19 }, "end": { "line": 298, "column": null } },
        "78": { "start": { "line": 299, "column": 22 }, "end": { "line": 299, "column": null } },
        "79": { "start": { "line": 301, "column": 1 }, "end": { "line": 305, "column": null } },
        "80": { "start": { "line": 312, "column": 13 }, "end": { "line": 312, "column": null } },
        "81": { "start": { "line": 313, "column": 1 }, "end": { "line": 317, "column": null } },
        "82": { "start": { "line": 314, "column": 2 }, "end": { "line": 316, "column": null } },
        "83": { "start": { "line": 315, "column": 3 }, "end": { "line": 315, "column": null } },
        "84": { "start": { "line": 321, "column": 24 }, "end": { "line": 321, "column": null } },
        "85": { "start": { "line": 322, "column": 0 }, "end": { "line": 324, "column": null } },
        "86": { "start": { "line": 323, "column": 1 }, "end": { "line": 323, "column": null } },
        "87": { "start": { "line": 332, "column": 1 }, "end": { "line": 334, "column": null } },
        "88": { "start": { "line": 333, "column": 2 }, "end": { "line": 333, "column": null } },
        "89": { "start": { "line": 336, "column": 16 }, "end": { "line": 336, "column": null } },
        "90": { "start": { "line": 337, "column": 19 }, "end": { "line": 337, "column": null } },
        "91": { "start": { "line": 338, "column": 15 }, "end": { "line": 340, "column": null } },
        "92": { "start": { "line": 342, "column": 1 }, "end": { "line": 342, "column": null } },
        "93": { "start": { "line": 353, "column": 1 }, "end": { "line": 353, "column": null } },
        "94": { "start": { "line": 353, "column": 42 }, "end": { "line": 353, "column": null } },
        "95": { "start": { "line": 355, "column": 27 }, "end": { "line": 355, "column": null } },
        "96": { "start": { "line": 356, "column": 1 }, "end": { "line": 356, "column": null } },
        "97": { "start": { "line": 356, "column": 26 }, "end": { "line": 356, "column": null } },
        "98": { "start": { "line": 358, "column": 18 }, "end": { "line": 358, "column": null } },
        "99": { "start": { "line": 359, "column": 1 }, "end": { "line": 359, "column": null } },
        "100": { "start": { "line": 359, "column": 40 }, "end": { "line": 359, "column": null } },
        "101": { "start": { "line": 361, "column": 16 }, "end": { "line": 361, "column": null } },
        "102": { "start": { "line": 362, "column": 22 }, "end": { "line": 364, "column": null } },
        "103": { "start": { "line": 366, "column": 1 }, "end": { "line": 375, "column": null } },
        "104": { "start": { "line": 367, "column": 25 }, "end": { "line": 367, "column": null } },
        "105": { "start": { "line": 368, "column": 25 }, "end": { "line": 368, "column": null } },
        "106": { "start": { "line": 369, "column": 2 }, "end": { "line": 371, "column": null } },
        "107": { "start": { "line": 370, "column": 3 }, "end": { "line": 370, "column": null } },
        "108": { "start": { "line": 372, "column": 2 }, "end": { "line": 372, "column": null } },
        "109": { "start": { "line": 374, "column": 2 }, "end": { "line": 374, "column": null } },
        "110": { "start": { "line": 379, "column": 14 }, "end": { "line": 379, "column": null } },
        "111": { "start": { "line": 380, "column": 1 }, "end": { "line": 384, "column": null } },
        "112": { "start": { "line": 383, "column": 2 }, "end": { "line": 383, "column": null } },
        "113": { "start": { "line": 385, "column": 1 }, "end": { "line": 385, "column": null } },
        "114": { "start": { "line": 407, "column": 5 }, "end": { "line": 407, "column": null } },
        "115": { "start": { "line": 409, "column": 20 }, "end": { "line": 409, "column": null } },
        "116": { "start": { "line": 411, "column": 1 }, "end": { "line": 413, "column": null } },
        "117": { "start": { "line": 412, "column": 2 }, "end": { "line": 412, "column": null } },
        "118": { "start": { "line": 415, "column": 1 }, "end": { "line": 415, "column": null } },
        "119": { "start": { "line": 415, "column": 33 }, "end": { "line": 415, "column": null } },
        "120": { "start": { "line": 416, "column": 1 }, "end": { "line": 416, "column": null } },
        "121": { "start": { "line": 416, "column": 31 }, "end": { "line": 416, "column": null } },
        "122": { "start": { "line": 417, "column": 1 }, "end": { "line": 417, "column": null } },
        "123": { "start": { "line": 417, "column": 29 }, "end": { "line": 417, "column": null } },
        "124": { "start": { "line": 418, "column": 1 }, "end": { "line": 418, "column": null } },
        "125": { "start": { "line": 418, "column": 30 }, "end": { "line": 418, "column": null } },
        "126": { "start": { "line": 420, "column": 1 }, "end": { "line": 423, "column": null } },
        "127": { "start": { "line": 424, "column": 1 }, "end": { "line": 427, "column": null } },
        "128": { "start": { "line": 428, "column": 1 }, "end": { "line": 428, "column": null } },
        "129": { "start": { "line": 430, "column": 1 }, "end": { "line": 432, "column": null } },
        "130": { "start": { "line": 431, "column": 2 }, "end": { "line": 431, "column": null } },
        "131": { "start": { "line": 434, "column": 13 }, "end": { "line": 439, "column": null } },
        "132": { "start": { "line": 436, "column": 3 }, "end": { "line": 436, "column": null } },
        "133": { "start": { "line": 436, "column": 26 }, "end": { "line": 436, "column": null } },
        "134": { "start": { "line": 437, "column": 3 }, "end": { "line": 437, "column": null } },
        "135": { "start": { "line": 441, "column": 22 }, "end": { "line": 443, "column": null } },
        "136": { "start": { "line": 445, "column": 1 }, "end": { "line": 458, "column": null } },
        "137": { "start": { "line": 461, "column": 32 }, "end": { "line": 461, "column": null } },
        "138": { "start": { "line": 464, "column": 7 }, "end": { "line": 467, "column": null } },
        "139": { "start": { "line": 466, "column": 19 }, "end": { "line": 466, "column": 32 } },
        "140": { "start": { "line": 470, "column": 2 }, "end": { "line": 476, "column": null } },
        "141": { "start": { "line": 478, "column": 1 }, "end": { "line": 485, "column": null } },
        "142": { "start": { "line": 501, "column": 5 }, "end": { "line": 501, "column": null } },
        "143": { "start": { "line": 503, "column": 17 }, "end": { "line": 505, "column": null } },
        "144": { "start": { "line": 507, "column": 1 }, "end": { "line": 509, "column": null } },
        "145": { "start": { "line": 508, "column": 2 }, "end": { "line": 508, "column": null } },
        "146": { "start": { "line": 511, "column": 26 }, "end": { "line": 511, "column": null } },
        "147": { "start": { "line": 513, "column": 1 }, "end": { "line": 522, "column": null } },
        "148": { "start": { "line": 514, "column": 2 }, "end": { "line": 514, "column": null } },
        "149": { "start": { "line": 515, "column": 2 }, "end": { "line": 515, "column": null } },
        "150": { "start": { "line": 516, "column": 2 }, "end": { "line": 516, "column": null } },
        "151": { "start": { "line": 517, "column": 2 }, "end": { "line": 517, "column": null } },
        "152": { "start": { "line": 518, "column": 2 }, "end": { "line": 518, "column": null } },
        "153": { "start": { "line": 519, "column": 2 }, "end": { "line": 521, "column": null } },
        "154": { "start": { "line": 520, "column": 3 }, "end": { "line": 520, "column": null } },
        "155": { "start": { "line": 524, "column": 1 }, "end": { "line": 524, "column": null } },
        "156": { "start": { "line": 534, "column": 1 }, "end": { "line": 536, "column": null } },
        "157": { "start": { "line": 535, "column": 2 }, "end": { "line": 535, "column": null } },
        "158": { "start": { "line": 538, "column": 1 }, "end": { "line": 538, "column": null } },
        "159": { "start": { "line": 538, "column": 29 }, "end": { "line": 538, "column": null } },
        "160": { "start": { "line": 541, "column": 1 }, "end": { "line": 541, "column": null } }
      },
      "fnMap": {
        "0": {
          "name": "sanitizeHtml",
          "decl": { "start": { "line": 65, "column": 16 }, "end": { "line": 65, "column": 29 } },
          "loc": { "start": { "line": 65, "column": 36 }, "end": { "line": 75, "column": null } }
        },
        "1": {
          "name": "isValidInput",
          "decl": { "start": { "line": 82, "column": 16 }, "end": { "line": 82, "column": 29 } },
          "loc": { "start": { "line": 82, "column": 36 }, "end": { "line": 107, "column": null } }
        },
        "2": {
          "name": "(anonymous_2)",
          "decl": { "start": { "line": 106, "column": 32 }, "end": { "line": 106, "column": 33 } },
          "loc": { "start": { "line": 106, "column": 45 }, "end": { "line": 106, "column": 64 } }
        },
        "3": {
          "name": "isValidEmail",
          "decl": { "start": { "line": 114, "column": 16 }, "end": { "line": 114, "column": 29 } },
          "loc": { "start": { "line": 114, "column": 36 }, "end": { "line": 117, "column": null } }
        },
        "4": {
          "name": "isValidUrl",
          "decl": { "start": { "line": 125, "column": 16 }, "end": { "line": 125, "column": 27 } },
          "loc": { "start": { "line": 125, "column": 70 }, "end": { "line": 132, "column": null } }
        },
        "5": {
          "name": "isValidLength",
          "decl": { "start": { "line": 141, "column": 16 }, "end": { "line": 141, "column": 30 } },
          "loc": { "start": { "line": 141, "column": 59 }, "end": { "line": 144, "column": null } }
        },
        "6": {
          "name": "resolveSecret",
          "decl": { "start": { "line": 146, "column": 9 }, "end": { "line": 146, "column": 23 } },
          "loc": { "start": { "line": 146, "column": 41 }, "end": { "line": 157, "column": null } }
        },
        "7": {
          "name": "generateSecureToken",
          "decl": { "start": { "line": 164, "column": 16 }, "end": { "line": 164, "column": 36 } },
          "loc": { "start": { "line": 164, "column": 49 }, "end": { "line": 169, "column": null } }
        },
        "8": {
          "name": "hashValue",
          "decl": { "start": { "line": 176, "column": 16 }, "end": { "line": 176, "column": 26 } },
          "loc": { "start": { "line": 176, "column": 33 }, "end": { "line": 178, "column": null } }
        },
        "9": {
          "name": "validateCategory",
          "decl": { "start": { "line": 185, "column": 16 }, "end": { "line": 185, "column": 33 } },
          "loc": { "start": { "line": 185, "column": 43 }, "end": { "line": 190, "column": null } }
        },
        "10": {
          "name": "validateTag",
          "decl": { "start": { "line": 197, "column": 16 }, "end": { "line": 197, "column": 28 } },
          "loc": { "start": { "line": 197, "column": 33 }, "end": { "line": 206, "column": null } }
        },
        "11": {
          "name": "normalizeRateLimitOptions",
          "decl": { "start": { "line": 213, "column": 9 }, "end": { "line": 213, "column": 35 } },
          "loc": { "start": { "line": 213, "column": 49 }, "end": { "line": 237, "column": null } }
        },
        "12": {
          "name": "ensureRateLimitCapacity",
          "decl": { "start": { "line": 239, "column": 9 }, "end": { "line": 239, "column": 33 } },
          "loc": { "start": { "line": 239, "column": 42 }, "end": { "line": 248, "column": null } }
        },
        "13": {
          "name": "checkRateLimit",
          "decl": { "start": { "line": 257, "column": 16 }, "end": { "line": 257, "column": 31 } },
          "loc": { "start": { "line": 257, "column": 66 }, "end": { "line": 282, "column": null } }
        },
        "14": {
          "name": "getRateLimitInfo",
          "decl": { "start": { "line": 289, "column": 16 }, "end": { "line": 289, "column": 33 } },
          "loc": { "start": { "line": 289, "column": 68 }, "end": { "line": 306, "column": null } }
        },
        "15": {
          "name": "cleanupRateLimitStore",
          "decl": { "start": { "line": 311, "column": 16 }, "end": { "line": 311, "column": 40 } },
          "loc": { "start": { "line": 311, "column": 40 }, "end": { "line": 318, "column": null } }
        },
        "16": {
          "name": "generateCsrfToken",
          "decl": { "start": { "line": 331, "column": 16 }, "end": { "line": 331, "column": 34 } },
          "loc": { "start": { "line": 331, "column": 45 }, "end": { "line": 343, "column": null } }
        },
        "17": {
          "name": "validateCsrfToken",
          "decl": { "start": { "line": 352, "column": 16 }, "end": { "line": 352, "column": 34 } },
          "loc": { "start": { "line": 352, "column": 77 }, "end": { "line": 376, "column": null } }
        },
        "18": {
          "name": "cloneSecurityDirectiveMap",
          "decl": { "start": { "line": 378, "column": 9 }, "end": { "line": 378, "column": 37 } },
          "loc": { "start": { "line": 378, "column": 37 }, "end": { "line": 386, "column": null } }
        },
        "19": {
          "name": "createSecurityHeaders",
          "decl": { "start": { "line": 391, "column": 16 }, "end": { "line": 391, "column": 38 } },
          "loc": { "start": { "line": 391, "column": 52 }, "end": { "line": 459, "column": null } }
        },
        "20": {
          "name": "(anonymous_20)",
          "decl": { "start": { "line": 435, "column": 7 }, "end": { "line": 435, "column": 8 } },
          "loc": { "start": { "line": 435, "column": 32 }, "end": { "line": 438, "column": 3 } }
        },
        "21": {
          "name": "resolveAllowedOrigins",
          "decl": { "start": { "line": 463, "column": 9 }, "end": { "line": 463, "column": 31 } },
          "loc": { "start": { "line": 463, "column": 51 }, "end": { "line": 486, "column": null } }
        },
        "22": {
          "name": "(anonymous_22)",
          "decl": { "start": { "line": 466, "column": 7 }, "end": { "line": 466, "column": 8 } },
          "loc": { "start": { "line": 466, "column": 19 }, "end": { "line": 466, "column": 32 } }
        },
        "23": {
          "name": "getCorsHeaders",
          "decl": { "start": { "line": 491, "column": 16 }, "end": { "line": 491, "column": 31 } },
          "loc": { "start": { "line": 491, "column": 53 }, "end": { "line": 525, "column": null } }
        },
        "24": {
          "name": "isIpAllowed",
          "decl": { "start": { "line": 533, "column": 16 }, "end": { "line": 533, "column": 28 } },
          "loc": { "start": { "line": 533, "column": 48 }, "end": { "line": 542, "column": null } }
        }
      },
      "branchMap": {
        "0": {
          "loc": { "start": { "line": 66, "column": 1 }, "end": { "line": 66, "column": null } },
          "type": "if",
          "locations": [
            { "start": { "line": 66, "column": 1 }, "end": { "line": 66, "column": null } },
            { "start": {}, "end": {} }
          ]
        },
        "1": {
          "loc": { "start": { "line": 83, "column": 1 }, "end": { "line": 83, "column": null } },
          "type": "if",
          "locations": [
            { "start": { "line": 83, "column": 1 }, "end": { "line": 83, "column": null } },
            { "start": {}, "end": {} }
          ]
        },
        "2": {
          "loc": { "start": { "line": 116, "column": 8 }, "end": { "line": 116, "column": null } },
          "type": "binary-expr",
          "locations": [
            { "start": { "line": 116, "column": 8 }, "end": { "line": 116, "column": 34 } },
            { "start": { "line": 116, "column": 34 }, "end": { "line": 116, "column": null } }
          ]
        },
        "3": {
          "loc": { "start": { "line": 125, "column": 32 }, "end": { "line": 125, "column": 70 } },
          "type": "default-arg",
          "locations": [
            { "start": { "line": 125, "column": 51 }, "end": { "line": 125, "column": 70 } }
          ]
        },
        "4": {
          "loc": { "start": { "line": 141, "column": 37 }, "end": { "line": 141, "column": 46 } },
          "type": "default-arg",
          "locations": [
            { "start": { "line": 141, "column": 43 }, "end": { "line": 141, "column": 46 } }
          ]
        },
        "5": {
          "loc": { "start": { "line": 141, "column": 46 }, "end": { "line": 141, "column": 59 } },
          "type": "default-arg",
          "locations": [
            { "start": { "line": 141, "column": 52 }, "end": { "line": 141, "column": 59 } }
          ]
        },
        "6": {
          "loc": { "start": { "line": 142, "column": 1 }, "end": { "line": 142, "column": null } },
          "type": "if",
          "locations": [
            { "start": { "line": 142, "column": 1 }, "end": { "line": 142, "column": null } },
            { "start": {}, "end": {} }
          ]
        },
        "7": {
          "loc": { "start": { "line": 143, "column": 8 }, "end": { "line": 143, "column": null } },
          "type": "binary-expr",
          "locations": [
            { "start": { "line": 143, "column": 8 }, "end": { "line": 143, "column": 31 } },
            { "start": { "line": 143, "column": 31 }, "end": { "line": 143, "column": null } }
          ]
        },
        "8": {
          "loc": { "start": { "line": 148, "column": 1 }, "end": { "line": 150, "column": null } },
          "type": "if",
          "locations": [
            { "start": { "line": 148, "column": 1 }, "end": { "line": 150, "column": null } },
            { "start": {}, "end": {} }
          ]
        },
        "9": {
          "loc": { "start": { "line": 148, "column": 5 }, "end": { "line": 148, "column": 42 } },
          "type": "binary-expr",
          "locations": [
            { "start": { "line": 148, "column": 5 }, "end": { "line": 148, "column": 18 } },
            { "start": { "line": 148, "column": 18 }, "end": { "line": 148, "column": 42 } }
          ]
        },
        "10": {
          "loc": { "start": { "line": 151, "column": 1 }, "end": { "line": 155, "column": null } },
          "type": "if",
          "locations": [
            { "start": { "line": 151, "column": 1 }, "end": { "line": 155, "column": null } },
            { "start": {}, "end": {} }
          ]
        },
        "11": {
          "loc": { "start": { "line": 164, "column": 36 }, "end": { "line": 164, "column": 49 } },
          "type": "default-arg",
          "locations": [
            { "start": { "line": 164, "column": 45 }, "end": { "line": 164, "column": 49 } }
          ]
        },
        "12": {
          "loc": { "start": { "line": 165, "column": 1 }, "end": { "line": 167, "column": null } },
          "type": "if",
          "locations": [
            { "start": { "line": 165, "column": 1 }, "end": { "line": 167, "column": null } },
            { "start": {}, "end": {} }
          ]
        },
        "13": {
          "loc": { "start": { "line": 165, "column": 5 }, "end": { "line": 165, "column": 47 } },
          "type": "binary-expr",
          "locations": [
            { "start": { "line": 165, "column": 5 }, "end": { "line": 165, "column": 34 } },
            { "start": { "line": 165, "column": 34 }, "end": { "line": 165, "column": 47 } }
          ]
        },
        "14": {
          "loc": { "start": { "line": 186, "column": 1 }, "end": { "line": 186, "column": null } },
          "type": "if",
          "locations": [
            { "start": { "line": 186, "column": 1 }, "end": { "line": 186, "column": null } },
            { "start": {}, "end": {} }
          ]
        },
        "15": {
          "loc": { "start": { "line": 189, "column": 8 }, "end": { "line": 189, "column": null } },
          "type": "cond-expr",
          "locations": [
            { "start": { "line": 189, "column": 42 }, "end": { "line": 189, "column": 54 } },
            { "start": { "line": 189, "column": 54 }, "end": { "line": 189, "column": null } }
          ]
        },
        "16": {
          "loc": { "start": { "line": 198, "column": 1 }, "end": { "line": 198, "column": null } },
          "type": "if",
          "locations": [
            { "start": { "line": 198, "column": 1 }, "end": { "line": 198, "column": null } },
            { "start": {}, "end": {} }
          ]
        },
        "17": {
          "loc": { "start": { "line": 205, "column": 8 }, "end": { "line": 205, "column": null } },
          "type": "cond-expr",
          "locations": [
            { "start": { "line": 205, "column": 35 }, "end": { "line": 205, "column": 47 } },
            { "start": { "line": 205, "column": 47 }, "end": { "line": 205, "column": null } }
          ]
        },
        "18": {
          "loc": { "start": { "line": 213, "column": 35 }, "end": { "line": 213, "column": 49 } },
          "type": "default-arg",
          "locations": [
            { "start": { "line": 213, "column": 45 }, "end": { "line": 213, "column": 49 } }
          ]
        },
        "19": {
          "loc": { "start": { "line": 214, "column": 1 }, "end": { "line": 222, "column": null } },
          "type": "if",
          "locations": [
            { "start": { "line": 214, "column": 1 }, "end": { "line": 222, "column": null } },
            { "start": {}, "end": {} }
          ]
        },
        "20": {
          "loc": { "start": { "line": 216, "column": 16 }, "end": { "line": 218, "column": null } },
          "type": "cond-expr",
          "locations": [
            { "start": { "line": 217, "column": 6 }, "end": { "line": 217, "column": null } },
            { "start": { "line": 218, "column": 6 }, "end": { "line": 218, "column": null } }
          ]
        },
        "21": {
          "loc": { "start": { "line": 224, "column": 21 }, "end": { "line": 226, "column": null } },
          "type": "cond-expr",
          "locations": [
            { "start": { "line": 225, "column": 4 }, "end": { "line": 225, "column": null } },
            { "start": { "line": 226, "column": 4 }, "end": { "line": 226, "column": null } }
          ]
        },
        "22": {
          "loc": { "start": { "line": 228, "column": 18 }, "end": { "line": 230, "column": null } },
          "type": "cond-expr",
          "locations": [
            { "start": { "line": 229, "column": 4 }, "end": { "line": 229, "column": null } },
            { "start": { "line": 230, "column": 4 }, "end": { "line": 230, "column": null } }
          ]
        },
        "23": {
          "loc": { "start": { "line": 232, "column": 17 }, "end": { "line": 234, "column": null } },
          "type": "cond-expr",
          "locations": [
            { "start": { "line": 233, "column": 4 }, "end": { "line": 233, "column": null } },
            { "start": { "line": 234, "column": 4 }, "end": { "line": 234, "column": null } }
          ]
        },
        "24": {
          "loc": { "start": { "line": 241, "column": 1 }, "end": { "line": 241, "column": null } },
          "type": "if",
          "locations": [
            { "start": { "line": 241, "column": 1 }, "end": { "line": 241, "column": null } },
            { "start": {}, "end": {} }
          ]
        },
        "25": {
          "loc": { "start": { "line": 245, "column": 2 }, "end": { "line": 245, "column": null } },
          "type": "if",
          "locations": [
            { "start": { "line": 245, "column": 2 }, "end": { "line": 245, "column": null } },
            { "start": {}, "end": {} }
          ]
        },
        "26": {
          "loc": { "start": { "line": 257, "column": 36 }, "end": { "line": 257, "column": 66 } },
          "type": "default-arg",
          "locations": [
            { "start": { "line": 257, "column": 46 }, "end": { "line": 257, "column": 66 } }
          ]
        },
        "27": {
          "loc": { "start": { "line": 261, "column": 16 }, "end": { "line": 266, "column": null } },
          "type": "binary-expr",
          "locations": [
            { "start": { "line": 261, "column": 16 }, "end": { "line": 261, "column": 43 } },
            { "start": { "line": 261, "column": 43 }, "end": { "line": 266, "column": null } }
          ]
        },
        "28": {
          "loc": { "start": { "line": 269, "column": 1 }, "end": { "line": 272, "column": null } },
          "type": "if",
          "locations": [
            { "start": { "line": 269, "column": 1 }, "end": { "line": 272, "column": null } },
            { "start": {}, "end": {} }
          ]
        },
        "29": {
          "loc": { "start": { "line": 289, "column": 38 }, "end": { "line": 289, "column": 68 } },
          "type": "default-arg",
          "locations": [
            { "start": { "line": 289, "column": 48 }, "end": { "line": 289, "column": 68 } }
          ]
        },
        "30": {
          "loc": { "start": { "line": 291, "column": 16 }, "end": { "line": 296, "column": null } },
          "type": "binary-expr",
          "locations": [
            { "start": { "line": 291, "column": 16 }, "end": { "line": 291, "column": 43 } },
            { "start": { "line": 291, "column": 43 }, "end": { "line": 296, "column": null } }
          ]
        },
        "31": {
          "loc": { "start": { "line": 314, "column": 2 }, "end": { "line": 316, "column": null } },
          "type": "if",
          "locations": [
            { "start": { "line": 314, "column": 2 }, "end": { "line": 316, "column": null } },
            { "start": {}, "end": {} }
          ]
        },
        "32": {
          "loc": { "start": { "line": 322, "column": 0 }, "end": { "line": 324, "column": null } },
          "type": "if",
          "locations": [
            { "start": { "line": 322, "column": 0 }, "end": { "line": 324, "column": null } },
            { "start": {}, "end": {} }
          ]
        },
        "33": {
          "loc": { "start": { "line": 332, "column": 1 }, "end": { "line": 334, "column": null } },
          "type": "if",
          "locations": [
            { "start": { "line": 332, "column": 1 }, "end": { "line": 334, "column": null } },
            { "start": {}, "end": {} }
          ]
        },
        "34": {
          "loc": { "start": { "line": 332, "column": 5 }, "end": { "line": 332, "column": 57 } },
          "type": "binary-expr",
          "locations": [
            { "start": { "line": 332, "column": 5 }, "end": { "line": 332, "column": 38 } },
            { "start": { "line": 332, "column": 38 }, "end": { "line": 332, "column": 57 } }
          ]
        },
        "35": {
          "loc": { "start": { "line": 352, "column": 52 }, "end": { "line": 352, "column": 77 } },
          "type": "default-arg",
          "locations": [
            { "start": { "line": 352, "column": 61 }, "end": { "line": 352, "column": 77 } }
          ]
        },
        "36": {
          "loc": { "start": { "line": 353, "column": 1 }, "end": { "line": 353, "column": null } },
          "type": "if",
          "locations": [
            { "start": { "line": 353, "column": 1 }, "end": { "line": 353, "column": null } },
            { "start": {}, "end": {} }
          ]
        },
        "37": {
          "loc": { "start": { "line": 353, "column": 5 }, "end": { "line": 353, "column": 42 } },
          "type": "binary-expr",
          "locations": [
            { "start": { "line": 353, "column": 5 }, "end": { "line": 353, "column": 15 } },
            { "start": { "line": 353, "column": 15 }, "end": { "line": 353, "column": 42 } }
          ]
        },
        "38": {
          "loc": { "start": { "line": 356, "column": 1 }, "end": { "line": 356, "column": null } },
          "type": "if",
          "locations": [
            { "start": { "line": 356, "column": 1 }, "end": { "line": 356, "column": null } },
            { "start": {}, "end": {} }
          ]
        },
        "39": {
          "loc": { "start": { "line": 356, "column": 5 }, "end": { "line": 356, "column": 26 } },
          "type": "binary-expr",
          "locations": [
            { "start": { "line": 356, "column": 5 }, "end": { "line": 356, "column": 19 } },
            { "start": { "line": 356, "column": 19 }, "end": { "line": 356, "column": 26 } }
          ]
        },
        "40": {
          "loc": { "start": { "line": 359, "column": 1 }, "end": { "line": 359, "column": null } },
          "type": "if",
          "locations": [
            { "start": { "line": 359, "column": 1 }, "end": { "line": 359, "column": null } },
            { "start": {}, "end": {} }
          ]
        },
        "41": {
          "loc": { "start": { "line": 359, "column": 5 }, "end": { "line": 359, "column": 40 } },
          "type": "binary-expr",
          "locations": [
            { "start": { "line": 359, "column": 5 }, "end": { "line": 359, "column": 26 } },
            { "start": { "line": 359, "column": 26 }, "end": { "line": 359, "column": 40 } }
          ]
        },
        "42": {
          "loc": { "start": { "line": 369, "column": 2 }, "end": { "line": 371, "column": null } },
          "type": "if",
          "locations": [
            { "start": { "line": 369, "column": 2 }, "end": { "line": 371, "column": null } },
            { "start": {}, "end": {} }
          ]
        },
        "43": {
          "loc": { "start": { "line": 391, "column": 38 }, "end": { "line": 391, "column": 52 } },
          "type": "default-arg",
          "locations": [
            { "start": { "line": 391, "column": 48 }, "end": { "line": 391, "column": 52 } }
          ]
        },
        "44": {
          "loc": { "start": { "line": 394, "column": 2 }, "end": { "line": 394, "column": null } },
          "type": "default-arg",
          "locations": [
            { "start": { "line": 394, "column": 15 }, "end": { "line": 394, "column": null } }
          ]
        },
        "45": {
          "loc": { "start": { "line": 395, "column": 2 }, "end": { "line": 395, "column": null } },
          "type": "default-arg",
          "locations": [
            { "start": { "line": 395, "column": 13 }, "end": { "line": 395, "column": null } }
          ]
        },
        "46": {
          "loc": { "start": { "line": 396, "column": 2 }, "end": { "line": 396, "column": null } },
          "type": "default-arg",
          "locations": [
            { "start": { "line": 396, "column": 11 }, "end": { "line": 396, "column": null } }
          ]
        },
        "47": {
          "loc": { "start": { "line": 397, "column": 2 }, "end": { "line": 397, "column": null } },
          "type": "default-arg",
          "locations": [
            { "start": { "line": 397, "column": 12 }, "end": { "line": 397, "column": null } }
          ]
        },
        "48": {
          "loc": { "start": { "line": 398, "column": 2 }, "end": { "line": 398, "column": null } },
          "type": "default-arg",
          "locations": [
            { "start": { "line": 398, "column": 19 }, "end": { "line": 398, "column": null } }
          ]
        },
        "49": {
          "loc": { "start": { "line": 399, "column": 2 }, "end": { "line": 399, "column": null } },
          "type": "default-arg",
          "locations": [
            { "start": { "line": 399, "column": 15 }, "end": { "line": 399, "column": null } }
          ]
        },
        "50": {
          "loc": { "start": { "line": 400, "column": 2 }, "end": { "line": 400, "column": null } },
          "type": "default-arg",
          "locations": [
            { "start": { "line": 400, "column": 12 }, "end": { "line": 400, "column": null } }
          ]
        },
        "51": {
          "loc": { "start": { "line": 401, "column": 2 }, "end": { "line": 401, "column": null } },
          "type": "default-arg",
          "locations": [
            { "start": { "line": 401, "column": 28 }, "end": { "line": 401, "column": null } }
          ]
        },
        "52": {
          "loc": { "start": { "line": 402, "column": 2 }, "end": { "line": 402, "column": null } },
          "type": "default-arg",
          "locations": [
            { "start": { "line": 402, "column": 19 }, "end": { "line": 402, "column": null } }
          ]
        },
        "53": {
          "loc": { "start": { "line": 403, "column": 2 }, "end": { "line": 403, "column": null } },
          "type": "default-arg",
          "locations": [
            { "start": { "line": 403, "column": 22 }, "end": { "line": 403, "column": null } }
          ]
        },
        "54": {
          "loc": { "start": { "line": 404, "column": 2 }, "end": { "line": 404, "column": null } },
          "type": "default-arg",
          "locations": [
            { "start": { "line": 404, "column": 30 }, "end": { "line": 404, "column": null } }
          ]
        },
        "55": {
          "loc": { "start": { "line": 405, "column": 2 }, "end": { "line": 405, "column": null } },
          "type": "default-arg",
          "locations": [
            { "start": { "line": 405, "column": 28 }, "end": { "line": 405, "column": null } }
          ]
        },
        "56": {
          "loc": { "start": { "line": 406, "column": 2 }, "end": { "line": 406, "column": null } },
          "type": "default-arg",
          "locations": [
            { "start": { "line": 406, "column": 30 }, "end": { "line": 406, "column": null } }
          ]
        },
        "57": {
          "loc": { "start": { "line": 411, "column": 1 }, "end": { "line": 413, "column": null } },
          "type": "if",
          "locations": [
            { "start": { "line": 411, "column": 1 }, "end": { "line": 413, "column": null } },
            { "start": {}, "end": {} }
          ]
        },
        "58": {
          "loc": { "start": { "line": 422, "column": 10 }, "end": { "line": 422, "column": 61 } },
          "type": "cond-expr",
          "locations": [
            { "start": { "line": 422, "column": 34 }, "end": { "line": 422, "column": 51 } },
            { "start": { "line": 422, "column": 51 }, "end": { "line": 422, "column": 61 } }
          ]
        },
        "59": {
          "loc": { "start": { "line": 426, "column": 10 }, "end": { "line": 426, "column": 53 } },
          "type": "cond-expr",
          "locations": [
            { "start": { "line": 426, "column": 30 }, "end": { "line": 426, "column": 43 } },
            { "start": { "line": 426, "column": 43 }, "end": { "line": 426, "column": 53 } }
          ]
        },
        "60": {
          "loc": { "start": { "line": 428, "column": 36 }, "end": { "line": 428, "column": 73 } },
          "type": "cond-expr",
          "locations": [
            { "start": { "line": 428, "column": 53 }, "end": { "line": 428, "column": 63 } },
            { "start": { "line": 428, "column": 63 }, "end": { "line": 428, "column": 73 } }
          ]
        },
        "61": {
          "loc": { "start": { "line": 430, "column": 1 }, "end": { "line": 432, "column": null } },
          "type": "if",
          "locations": [
            { "start": { "line": 430, "column": 1 }, "end": { "line": 432, "column": null } },
            { "start": {}, "end": {} }
          ]
        },
        "62": {
          "loc": { "start": { "line": 436, "column": 3 }, "end": { "line": 436, "column": null } },
          "type": "if",
          "locations": [
            { "start": { "line": 436, "column": 3 }, "end": { "line": 436, "column": null } },
            { "start": {}, "end": {} }
          ]
        },
        "63": {
          "loc": { "start": { "line": 441, "column": 22 }, "end": { "line": 443, "column": null } },
          "type": "cond-expr",
          "locations": [
            { "start": { "line": 442, "column": 4 }, "end": { "line": 442, "column": null } },
            { "start": { "line": 443, "column": 4 }, "end": { "line": 443, "column": null } }
          ]
        },
        "64": {
          "loc": { "start": { "line": 463, "column": 31 }, "end": { "line": 463, "column": 51 } },
          "type": "default-arg",
          "locations": [
            { "start": { "line": 463, "column": 47 }, "end": { "line": 463, "column": 51 } }
          ]
        },
        "65": {
          "loc": { "start": { "line": 464, "column": 21 }, "end": { "line": 464, "column": null } },
          "type": "binary-expr",
          "locations": [
            { "start": { "line": 464, "column": 21 }, "end": { "line": 464, "column": 57 } },
            { "start": { "line": 464, "column": 57 }, "end": { "line": 464, "column": null } }
          ]
        },
        "66": {
          "loc": { "start": { "line": 470, "column": 2 }, "end": { "line": 476, "column": null } },
          "type": "cond-expr",
          "locations": [
            { "start": { "line": 471, "column": 5 }, "end": { "line": 475, "column": null } },
            { "start": { "line": 476, "column": 5 }, "end": { "line": 476, "column": null } }
          ]
        },
        "67": {
          "loc": { "start": { "line": 491, "column": 39 }, "end": { "line": 491, "column": 53 } },
          "type": "default-arg",
          "locations": [
            { "start": { "line": 491, "column": 49 }, "end": { "line": 491, "column": 53 } }
          ]
        },
        "68": {
          "loc": { "start": { "line": 493, "column": 2 }, "end": { "line": 495, "column": null } },
          "type": "default-arg",
          "locations": [
            { "start": { "line": 493, "column": 19 }, "end": { "line": 495, "column": null } }
          ]
        },
        "69": {
          "loc": { "start": { "line": 494, "column": 3 }, "end": { "line": 494, "column": null } },
          "type": "binary-expr",
          "locations": [
            { "start": { "line": 494, "column": 3 }, "end": { "line": 494, "column": 39 } },
            { "start": { "line": 494, "column": 39 }, "end": { "line": 494, "column": null } }
          ]
        },
        "70": {
          "loc": { "start": { "line": 496, "column": 2 }, "end": { "line": 496, "column": null } },
          "type": "default-arg",
          "locations": [
            { "start": { "line": 496, "column": 21 }, "end": { "line": 496, "column": null } }
          ]
        },
        "71": {
          "loc": { "start": { "line": 497, "column": 2 }, "end": { "line": 497, "column": null } },
          "type": "default-arg",
          "locations": [
            { "start": { "line": 497, "column": 19 }, "end": { "line": 497, "column": null } }
          ]
        },
        "72": {
          "loc": { "start": { "line": 498, "column": 2 }, "end": { "line": 498, "column": null } },
          "type": "default-arg",
          "locations": [
            { "start": { "line": 498, "column": 19 }, "end": { "line": 498, "column": null } }
          ]
        },
        "73": {
          "loc": { "start": { "line": 499, "column": 2 }, "end": { "line": 499, "column": null } },
          "type": "default-arg",
          "locations": [
            { "start": { "line": 499, "column": 19 }, "end": { "line": 499, "column": null } }
          ]
        },
        "74": {
          "loc": { "start": { "line": 500, "column": 2 }, "end": { "line": 500, "column": null } },
          "type": "default-arg",
          "locations": [
            { "start": { "line": 500, "column": 18 }, "end": { "line": 500, "column": null } }
          ]
        },
        "75": {
          "loc": { "start": { "line": 507, "column": 1 }, "end": { "line": 509, "column": null } },
          "type": "if",
          "locations": [
            { "start": { "line": 507, "column": 1 }, "end": { "line": 509, "column": null } },
            { "start": {}, "end": {} }
          ]
        },
        "76": {
          "loc": { "start": { "line": 507, "column": 5 }, "end": { "line": 507, "column": 44 } },
          "type": "binary-expr",
          "locations": [
            { "start": { "line": 507, "column": 5 }, "end": { "line": 507, "column": 16 } },
            { "start": { "line": 507, "column": 16 }, "end": { "line": 507, "column": 44 } }
          ]
        },
        "77": {
          "loc": { "start": { "line": 513, "column": 1 }, "end": { "line": 522, "column": null } },
          "type": "if",
          "locations": [
            { "start": { "line": 513, "column": 1 }, "end": { "line": 522, "column": null } },
            { "start": {}, "end": {} }
          ]
        },
        "78": {
          "loc": { "start": { "line": 519, "column": 2 }, "end": { "line": 521, "column": null } },
          "type": "if",
          "locations": [
            { "start": { "line": 519, "column": 2 }, "end": { "line": 521, "column": null } },
            { "start": {}, "end": {} }
          ]
        },
        "79": {
          "loc": { "start": { "line": 533, "column": 32 }, "end": { "line": 533, "column": 48 } },
          "type": "default-arg",
          "locations": [
            { "start": { "line": 533, "column": 44 }, "end": { "line": 533, "column": 48 } }
          ]
        },
        "80": {
          "loc": { "start": { "line": 534, "column": 1 }, "end": { "line": 536, "column": null } },
          "type": "if",
          "locations": [
            { "start": { "line": 534, "column": 1 }, "end": { "line": 536, "column": null } },
            { "start": {}, "end": {} }
          ]
        },
        "81": {
          "loc": { "start": { "line": 534, "column": 5 }, "end": { "line": 534, "column": 36 } },
          "type": "binary-expr",
          "locations": [
            { "start": { "line": 534, "column": 5 }, "end": { "line": 534, "column": 31 } },
            { "start": { "line": 534, "column": 31 }, "end": { "line": 534, "column": 36 } }
          ]
        },
        "82": {
          "loc": { "start": { "line": 538, "column": 1 }, "end": { "line": 538, "column": null } },
          "type": "if",
          "locations": [
            { "start": { "line": 538, "column": 1 }, "end": { "line": 538, "column": null } },
            { "start": {}, "end": {} }
          ]
        }
      },
      "s": {
        "0": 1,
        "1": 1,
        "2": 1,
        "3": 1,
        "4": 1,
        "5": 1,
        "6": 1,
        "7": 1,
        "8": 1,
        "9": 1,
        "10": 0,
        "11": 1,
        "12": 0,
        "13": 0,
        "14": 0,
        "15": 0,
        "16": 0,
        "17": 2,
        "18": 2,
        "19": 2,
        "20": 2,
        "21": 2,
        "22": 0,
        "23": 2,
        "24": 0,
        "25": 2,
        "26": 3,
        "27": 3,
        "28": 2,
        "29": 1,
        "30": 1,
        "31": 0,
        "32": 1,
        "33": 0,
        "34": 1,
        "35": 1,
        "36": 2,
        "37": 0,
        "38": 2,
        "39": 2,
        "40": 2,
        "41": 0,
        "42": 2,
        "43": 2,
        "44": 2,
        "45": 1,
        "46": 0,
        "47": 0,
        "48": 0,
        "49": 0,
        "50": 0,
        "51": 0,
        "52": 0,
        "53": 0,
        "54": 0,
        "55": 0,
        "56": 0,
        "57": 0,
        "58": 0,
        "59": 0,
        "60": 0,
        "61": 0,
        "62": 0,
        "63": 0,
        "64": 0,
        "65": 0,
        "66": 0,
        "67": 0,
        "68": 0,
        "69": 0,
        "70": 0,
        "71": 0,
        "72": 0,
        "73": 0,
        "74": 0,
        "75": 0,
        "76": 0,
        "77": 0,
        "78": 0,
        "79": 0,
        "80": 0,
        "81": 0,
        "82": 0,
        "83": 0,
        "84": 1,
        "85": 1,
        "86": 1,
        "87": 2,
        "88": 0,
        "89": 2,
        "90": 1,
        "91": 1,
        "92": 1,
        "93": 2,
        "94": 0,
        "95": 2,
        "96": 2,
        "97": 1,
        "98": 1,
        "99": 1,
        "100": 0,
        "101": 1,
        "102": 1,
        "103": 1,
        "104": 1,
        "105": 1,
        "106": 1,
        "107": 0,
        "108": 1,
        "109": 0,
        "110": 3,
        "111": 3,
        "112": 27,
        "113": 3,
        "114": 3,
        "115": 3,
        "116": 3,
        "117": 2,
        "118": 3,
        "119": 0,
        "120": 3,
        "121": 0,
        "122": 3,
        "123": 0,
        "124": 3,
        "125": 0,
        "126": 3,
        "127": 3,
        "128": 3,
        "129": 3,
        "130": 1,
        "131": 3,
        "132": 28,
        "133": 1,
        "134": 27,
        "135": 3,
        "136": 3,
        "137": 1,
        "138": 4,
        "139": 4,
        "140": 4,
        "141": 4,
        "142": 4,
        "143": 4,
        "144": 4,
        "145": 0,
        "146": 4,
        "147": 4,
        "148": 2,
        "149": 2,
        "150": 2,
        "151": 2,
        "152": 2,
        "153": 2,
        "154": 2,
        "155": 4,
        "156": 3,
        "157": 1,
        "158": 2,
        "159": 1,
        "160": 1
      },
      "f": {
        "0": 1,
        "1": 0,
        "2": 0,
        "3": 2,
        "4": 2,
        "5": 2,
        "6": 3,
        "7": 1,
        "8": 1,
        "9": 2,
        "10": 2,
        "11": 0,
        "12": 0,
        "13": 0,
        "14": 0,
        "15": 0,
        "16": 2,
        "17": 2,
        "18": 3,
        "19": 3,
        "20": 28,
        "21": 4,
        "22": 4,
        "23": 4,
        "24": 3
      },
      "b": {
        "0": [0, 1],
        "1": [0, 0],
        "2": [2, 1],
        "3": [2],
        "4": [0],
        "5": [0],
        "6": [0, 2],
        "7": [2, 1],
        "8": [2, 1],
        "9": [3, 2],
        "10": [1, 0],
        "11": [0],
        "12": [0, 1],
        "13": [1, 1],
        "14": [0, 2],
        "15": [1, 1],
        "16": [0, 2],
        "17": [1, 1],
        "18": [0],
        "19": [0, 0],
        "20": [0, 0],
        "21": [0, 0],
        "22": [0, 0],
        "23": [0, 0],
        "24": [0, 0],
        "25": [0, 0],
        "26": [0],
        "27": [0, 0],
        "28": [0, 0],
        "29": [0],
        "30": [0, 0],
        "31": [0, 0],
        "32": [1, 0],
        "33": [0, 2],
        "34": [2, 2],
        "35": [2],
        "36": [0, 2],
        "37": [2, 2],
        "38": [1, 1],
        "39": [2, 2],
        "40": [0, 1],
        "41": [1, 1],
        "42": [0, 1],
        "43": [1],
        "44": [3],
        "45": [3],
        "46": [3],
        "47": [3],
        "48": [2],
        "49": [3],
        "50": [3],
        "51": [2],
        "52": [3],
        "53": [3],
        "54": [3],
        "55": [3],
        "56": [3],
        "57": [2, 1],
        "58": [3, 0],
        "59": [3, 0],
        "60": [3, 0],
        "61": [1, 2],
        "62": [1, 27],
        "63": [2, 1],
        "64": [0],
        "65": [4, 2],
        "66": [0, 4],
        "67": [4],
        "68": [4],
        "69": [4, 4],
        "70": [4],
        "71": [4],
        "72": [4],
        "73": [4],
        "74": [4],
        "75": [0, 4],
        "76": [4, 4],
        "77": [2, 2],
        "78": [2, 0],
        "79": [2],
        "80": [1, 2],
        "81": [3, 3],
        "82": [1, 1]
      }
    },
    "/Users/morganlowman/Documents/GitHub/political-sphere/libs/shared/src/logger.js": {
      "path": "/Users/morganlowman/Documents/GitHub/political-sphere/libs/shared/src/logger.js",
      "statementMap": {
        "0": { "start": { "line": 9, "column": 26 }, "end": { "line": 15, "column": null } },
        "1": { "start": { "line": 17, "column": 24 }, "end": { "line": 17, "column": null } },
        "2": { "start": { "line": 22, "column": 2 }, "end": { "line": 22, "column": null } },
        "3": { "start": { "line": 23, "column": 2 }, "end": { "line": 23, "column": null } },
        "4": { "start": { "line": 24, "column": 2 }, "end": { "line": 25, "column": null } },
        "5": { "start": { "line": 26, "column": 2 }, "end": { "line": 26, "column": null } },
        "6": { "start": { "line": 27, "column": 2 }, "end": { "line": 27, "column": null } },
        "7": { "start": { "line": 28, "column": 2 }, "end": { "line": 28, "column": null } },
        "8": { "start": { "line": 30, "column": 2 }, "end": { "line": 32, "column": null } },
        "9": { "start": { "line": 31, "column": 3 }, "end": { "line": 31, "column": null } },
        "10": { "start": { "line": 36, "column": 2 }, "end": { "line": 41, "column": null } },
        "11": { "start": { "line": 37, "column": 3 }, "end": { "line": 37, "column": null } },
        "12": { "start": { "line": 38, "column": 3 }, "end": { "line": 38, "column": null } },
        "13": { "start": { "line": 40, "column": 3 }, "end": { "line": 40, "column": null } },
        "14": { "start": { "line": 45, "column": 8 }, "end": { "line": 45, "column": null } },
        "15": { "start": { "line": 46, "column": 19 }, "end": { "line": 53, "column": null } },
        "16": { "start": { "line": 55, "column": 2 }, "end": { "line": 55, "column": null } },
        "17": { "start": { "line": 59, "column": 2 }, "end": { "line": 59, "column": null } },
        "18": { "start": { "line": 59, "column": 26 }, "end": { "line": 59, "column": null } },
        "19": { "start": { "line": 61, "column": 20 }, "end": { "line": 61, "column": null } },
        "20": { "start": { "line": 64, "column": 2 }, "end": { "line": 78, "column": null } },
        "21": { "start": { "line": 65, "column": 3 }, "end": { "line": 77, "column": null } },
        "22": { "start": { "line": 66, "column": 19 }, "end": { "line": 72, "column": null } },
        "23": { "start": { "line": 73, "column": 18 }, "end": { "line": 73, "column": null } },
        "24": { "start": { "line": 74, "column": 4 }, "end": { "line": 74, "column": null } },
        "25": { "start": { "line": 76, "column": 4 }, "end": { "line": 76, "column": null } },
        "26": { "start": { "line": 81, "column": 2 }, "end": { "line": 83, "column": null } },
        "27": { "start": { "line": 82, "column": 3 }, "end": { "line": 82, "column": null } },
        "28": { "start": { "line": 87, "column": 2 }, "end": { "line": 87, "column": null } },
        "29": { "start": { "line": 91, "column": 2 }, "end": { "line": 91, "column": null } },
        "30": { "start": { "line": 95, "column": 2 }, "end": { "line": 95, "column": null } },
        "31": { "start": { "line": 99, "column": 2 }, "end": { "line": 99, "column": null } },
        "32": { "start": { "line": 103, "column": 2 }, "end": { "line": 103, "column": null } },
        "33": { "start": { "line": 108, "column": 15 }, "end": { "line": 119, "column": null } },
        "34": { "start": { "line": 121, "column": 2 }, "end": { "line": 127, "column": null } },
        "35": { "start": { "line": 122, "column": 3 }, "end": { "line": 122, "column": null } },
        "36": { "start": { "line": 123, "column": 2 }, "end": { "line": 127, "column": null } },
        "37": { "start": { "line": 124, "column": 3 }, "end": { "line": 124, "column": null } },
        "38": { "start": { "line": 126, "column": 3 }, "end": { "line": 126, "column": null } },
        "39": { "start": { "line": 132, "column": 15 }, "end": { "line": 142, "column": null } },
        "40": { "start": { "line": 144, "column": 2 }, "end": { "line": 144, "column": null } },
        "41": { "start": { "line": 149, "column": 15 }, "end": { "line": 154, "column": null } },
        "42": { "start": { "line": 156, "column": 2 }, "end": { "line": 156, "column": null } },
        "43": { "start": { "line": 160, "column": 2 }, "end": { "line": 162, "column": null } },
        "44": { "start": { "line": 161, "column": 3 }, "end": { "line": 161, "column": null } },
        "45": { "start": { "line": 167, "column": 20 }, "end": { "line": 167, "column": null } },
        "46": { "start": { "line": 170, "column": 1 }, "end": { "line": 172, "column": null } },
        "47": { "start": { "line": 171, "column": 2 }, "end": { "line": 171, "column": null } },
        "48": { "start": { "line": 173, "column": 1 }, "end": { "line": 173, "column": null } },
        "49": { "start": { "line": 177, "column": 1 }, "end": { "line": 177, "column": null } }
      },
      "fnMap": {
        "0": {
          "name": "(anonymous_0)",
          "decl": { "start": { "line": 20, "column": 1 }, "end": { "line": 20, "column": 13 } },
          "loc": { "start": { "line": 20, "column": 27 }, "end": { "line": 33, "column": null } }
        },
        "1": {
          "name": "(anonymous_1)",
          "decl": { "start": { "line": 86, "column": 1 }, "end": { "line": 86, "column": 7 } },
          "loc": { "start": { "line": 86, "column": 22 }, "end": { "line": 88, "column": null } }
        },
        "2": {
          "name": "(anonymous_2)",
          "decl": { "start": { "line": 90, "column": 1 }, "end": { "line": 90, "column": 6 } },
          "loc": { "start": { "line": 90, "column": 21 }, "end": { "line": 92, "column": null } }
        },
        "3": {
          "name": "(anonymous_3)",
          "decl": { "start": { "line": 94, "column": 1 }, "end": { "line": 94, "column": 6 } },
          "loc": { "start": { "line": 94, "column": 21 }, "end": { "line": 96, "column": null } }
        },
        "4": {
          "name": "(anonymous_4)",
          "decl": { "start": { "line": 98, "column": 1 }, "end": { "line": 98, "column": 7 } },
          "loc": { "start": { "line": 98, "column": 22 }, "end": { "line": 100, "column": null } }
        },
        "5": {
          "name": "(anonymous_5)",
          "decl": { "start": { "line": 102, "column": 1 }, "end": { "line": 102, "column": 7 } },
          "loc": { "start": { "line": 102, "column": 22 }, "end": { "line": 104, "column": null } }
        },
        "6": {
          "name": "(anonymous_6)",
          "decl": { "start": { "line": 107, "column": 1 }, "end": { "line": 107, "column": 12 } },
          "loc": { "start": { "line": 107, "column": 32 }, "end": { "line": 128, "column": null } }
        },
        "7": {
          "name": "(anonymous_7)",
          "decl": { "start": { "line": 131, "column": 1 }, "end": { "line": 131, "column": 18 } },
          "loc": { "start": { "line": 131, "column": 39 }, "end": { "line": 145, "column": null } }
        },
        "8": {
          "name": "(anonymous_8)",
          "decl": { "start": { "line": 148, "column": 1 }, "end": { "line": 148, "column": 10 } },
          "loc": { "start": { "line": 148, "column": 31 }, "end": { "line": 157, "column": null } }
        },
        "9": {
          "name": "(anonymous_9)",
          "decl": { "start": { "line": 159, "column": 1 }, "end": { "line": 159, "column": 9 } },
          "loc": { "start": { "line": 159, "column": 9 }, "end": { "line": 163, "column": null } }
        },
        "10": {
          "name": "getLogger",
          "decl": { "start": { "line": 169, "column": 16 }, "end": { "line": 169, "column": 26 } },
          "loc": { "start": { "line": 169, "column": 35 }, "end": { "line": 174, "column": null } }
        },
        "11": {
          "name": "createLogger",
          "decl": { "start": { "line": 176, "column": 16 }, "end": { "line": 176, "column": 29 } },
          "loc": { "start": { "line": 176, "column": 38 }, "end": { "line": 178, "column": null } }
        }
      },
      "branchMap": {
        "0": {
          "loc": { "start": { "line": 20, "column": 13 }, "end": { "line": 20, "column": 27 } },
          "type": "default-arg",
          "locations": [
            { "start": { "line": 20, "column": 23 }, "end": { "line": 20, "column": 27 } }
          ]
        },
        "1": {
          "loc": { "start": { "line": 22, "column": 15 }, "end": { "line": 22, "column": null } },
          "type": "binary-expr",
          "locations": [
            { "start": { "line": 22, "column": 15 }, "end": { "line": 22, "column": 32 } },
            { "start": { "line": 22, "column": 32 }, "end": { "line": 22, "column": null } }
          ]
        },
        "2": {
          "loc": { "start": { "line": 23, "column": 17 }, "end": { "line": 23, "column": null } },
          "type": "binary-expr",
          "locations": [
            { "start": { "line": 23, "column": 17 }, "end": { "line": 23, "column": 36 } },
            { "start": { "line": 23, "column": 36 }, "end": { "line": 23, "column": null } }
          ]
        },
        "3": {
          "loc": { "start": { "line": 25, "column": 3 }, "end": { "line": 25, "column": null } },
          "type": "binary-expr",
          "locations": [
            { "start": { "line": 25, "column": 3 }, "end": { "line": 25, "column": 26 } },
            { "start": { "line": 25, "column": 26 }, "end": { "line": 25, "column": 50 } },
            { "start": { "line": 25, "column": 50 }, "end": { "line": 25, "column": null } }
          ]
        },
        "4": {
          "loc": { "start": { "line": 30, "column": 2 }, "end": { "line": 32, "column": null } },
          "type": "if",
          "locations": [
            { "start": { "line": 30, "column": 2 }, "end": { "line": 32, "column": null } },
            { "start": {}, "end": {} }
          ]
        },
        "5": {
          "loc": { "start": { "line": 44, "column": 32 }, "end": { "line": 44, "column": 43 } },
          "type": "default-arg",
          "locations": [
            { "start": { "line": 44, "column": 39 }, "end": { "line": 44, "column": 43 } }
          ]
        },
        "6": {
          "loc": { "start": { "line": 59, "column": 2 }, "end": { "line": 59, "column": null } },
          "type": "if",
          "locations": [
            { "start": { "line": 59, "column": 2 }, "end": { "line": 59, "column": null } },
            { "start": {}, "end": {} }
          ]
        },
        "7": {
          "loc": { "start": { "line": 64, "column": 2 }, "end": { "line": 78, "column": null } },
          "type": "if",
          "locations": [
            { "start": { "line": 64, "column": 2 }, "end": { "line": 78, "column": null } },
            { "start": {}, "end": {} }
          ]
        },
        "8": {
          "loc": { "start": { "line": 65, "column": 3 }, "end": { "line": 77, "column": null } },
          "type": "if",
          "locations": [
            { "start": { "line": 65, "column": 3 }, "end": { "line": 77, "column": null } },
            { "start": { "line": 75, "column": 10 }, "end": { "line": 77, "column": null } }
          ]
        },
        "9": {
          "loc": { "start": { "line": 81, "column": 2 }, "end": { "line": 83, "column": null } },
          "type": "if",
          "locations": [
            { "start": { "line": 81, "column": 2 }, "end": { "line": 83, "column": null } },
            { "start": {}, "end": {} }
          ]
        },
        "10": {
          "loc": { "start": { "line": 114, "column": 4 }, "end": { "line": 117, "column": null } },
          "type": "binary-expr",
          "locations": [
            { "start": { "line": 114, "column": 4 }, "end": { "line": 114, "column": null } },
            { "start": { "line": 115, "column": 4 }, "end": { "line": 115, "column": null } },
            { "start": { "line": 116, "column": 4 }, "end": { "line": 116, "column": null } },
            { "start": { "line": 117, "column": 4 }, "end": { "line": 117, "column": null } }
          ]
        },
        "11": {
          "loc": { "start": { "line": 121, "column": 2 }, "end": { "line": 127, "column": null } },
          "type": "if",
          "locations": [
            { "start": { "line": 121, "column": 2 }, "end": { "line": 127, "column": null } },
            { "start": { "line": 123, "column": 2 }, "end": { "line": 127, "column": null } }
          ]
        },
        "12": {
          "loc": { "start": { "line": 123, "column": 2 }, "end": { "line": 127, "column": null } },
          "type": "if",
          "locations": [
            { "start": { "line": 123, "column": 2 }, "end": { "line": 127, "column": null } },
            { "start": { "line": 125, "column": 9 }, "end": { "line": 127, "column": null } }
          ]
        },
        "13": {
          "loc": { "start": { "line": 136, "column": 4 }, "end": { "line": 139, "column": null } },
          "type": "binary-expr",
          "locations": [
            { "start": { "line": 136, "column": 4 }, "end": { "line": 136, "column": null } },
            { "start": { "line": 137, "column": 4 }, "end": { "line": 137, "column": null } },
            { "start": { "line": 138, "column": 4 }, "end": { "line": 138, "column": null } },
            { "start": { "line": 139, "column": 4 }, "end": { "line": 139, "column": null } }
          ]
        },
        "14": {
          "loc": { "start": { "line": 148, "column": 17 }, "end": { "line": 148, "column": 31 } },
          "type": "default-arg",
          "locations": [
            { "start": { "line": 148, "column": 27 }, "end": { "line": 148, "column": 31 } }
          ]
        },
        "15": {
          "loc": { "start": { "line": 160, "column": 2 }, "end": { "line": 162, "column": null } },
          "type": "if",
          "locations": [
            { "start": { "line": 160, "column": 2 }, "end": { "line": 162, "column": null } },
            { "start": {}, "end": {} }
          ]
        },
        "16": {
          "loc": { "start": { "line": 170, "column": 1 }, "end": { "line": 172, "column": null } },
          "type": "if",
          "locations": [
            { "start": { "line": 170, "column": 1 }, "end": { "line": 172, "column": null } },
            { "start": {}, "end": {} }
          ]
        }
      },
      "s": {
        "0": 2,
        "1": 2,
        "2": 10,
        "3": 10,
        "4": 10,
        "5": 10,
        "6": 10,
        "7": 10,
        "8": 10,
        "9": 1,
        "10": 1,
        "11": 1,
        "12": 1,
        "13": 0,
        "14": 9,
        "15": 9,
        "16": 9,
        "17": 10,
        "18": 1,
        "19": 9,
        "20": 9,
        "21": 8,
        "22": 1,
        "23": 1,
        "24": 1,
        "25": 7,
        "26": 9,
        "27": 1,
        "28": 1,
        "29": 4,
        "30": 3,
        "31": 2,
        "32": 0,
        "33": 3,
        "34": 3,
        "35": 1,
        "36": 2,
        "37": 1,
        "38": 1,
        "39": 1,
        "40": 1,
        "41": 1,
        "42": 1,
        "43": 1,
        "44": 1,
        "45": 2,
        "46": 3,
        "47": 2,
        "48": 3,
        "49": 8
      },
      "f": {
        "0": 10,
        "1": 1,
        "2": 4,
        "3": 3,
        "4": 2,
        "5": 0,
        "6": 3,
        "7": 1,
        "8": 1,
        "9": 1,
        "10": 3,
        "11": 8
      },
      "b": {
        "0": [0],
        "1": [10, 8],
        "2": [10, 9],
        "3": [10, 5, 0],
        "4": [1, 9],
        "5": [2],
        "6": [1, 9],
        "7": [8, 1],
        "8": [1, 7],
        "9": [1, 8],
        "10": [3, 3, 0, 0],
        "11": [1, 2],
        "12": [1, 1],
        "13": [1, 0, 0, 0],
        "14": [0],
        "15": [1, 0],
        "16": [2, 1]
      }
    },
    "/Users/morganlowman/Documents/GitHub/political-sphere/libs/shared/src/telemetry.ts": {
      "path": "/Users/morganlowman/Documents/GitHub/political-sphere/libs/shared/src/telemetry.ts",
      "statementMap": {
        "0": { "start": { "line": 62, "column": 6 }, "end": { "line": 62, "column": null } },
        "1": { "start": { "line": 65, "column": 19 }, "end": { "line": 69, "column": null } },
        "2": { "start": { "line": 72, "column": 24 }, "end": { "line": 75, "column": null } },
        "3": { "start": { "line": 78, "column": 23 }, "end": { "line": 84, "column": null } },
        "4": { "start": { "line": 87, "column": 27 }, "end": { "line": 124, "column": null } },
        "5": { "start": { "line": 94, "column": 24 }, "end": { "line": 94, "column": null } },
        "6": { "start": { "line": 95, "column": 12 }, "end": { "line": 95, "column": null } },
        "7": { "start": { "line": 127, "column": 14 }, "end": { "line": 132, "column": null } },
        "8": { "start": { "line": 135, "column": 2 }, "end": { "line": 149, "column": null } },
        "9": { "start": { "line": 136, "column": 4 }, "end": { "line": 148, "column": null } },
        "10": { "start": { "line": 137, "column": 6 }, "end": { "line": 137, "column": null } },
        "11": { "start": { "line": 139, "column": 28 }, "end": { "line": 139, "column": null } },
        "12": { "start": { "line": 140, "column": 21 }, "end": { "line": 140, "column": null } },
        "13": { "start": { "line": 141, "column": 6 }, "end": { "line": 141, "column": null } },
        "14": { "start": { "line": 144, "column": 28 }, "end": { "line": 144, "column": null } },
        "15": { "start": { "line": 145, "column": 21 }, "end": { "line": 145, "column": null } },
        "16": { "start": { "line": 146, "column": 21 }, "end": { "line": 146, "column": null } },
        "17": { "start": { "line": 147, "column": 6 }, "end": { "line": 147, "column": null } },
        "18": { "start": { "line": 151, "column": 2 }, "end": { "line": 151, "column": null } },
        "19": { "start": { "line": 171, "column": 14 }, "end": { "line": 171, "column": null } },
        "20": { "start": { "line": 173, "column": 2 }, "end": { "line": 189, "column": null } },
        "21": { "start": { "line": 174, "column": 4 }, "end": { "line": 174, "column": null } },
        "22": { "start": { "line": 176, "column": 26 }, "end": { "line": 176, "column": null } },
        "23": { "start": { "line": 177, "column": 19 }, "end": { "line": 177, "column": null } },
        "24": { "start": { "line": 178, "column": 4 }, "end": { "line": 181, "column": null } },
        "25": { "start": { "line": 184, "column": 26 }, "end": { "line": 184, "column": null } },
        "26": { "start": { "line": 185, "column": 19 }, "end": { "line": 185, "column": null } },
        "27": { "start": { "line": 186, "column": 19 }, "end": { "line": 186, "column": null } },
        "28": { "start": { "line": 187, "column": 4 }, "end": { "line": 187, "column": null } },
        "29": { "start": { "line": 188, "column": 4 }, "end": { "line": 188, "column": null } }
      },
      "fnMap": {
        "0": {
          "name": "initTelemetry",
          "decl": { "start": { "line": 52, "column": 16 }, "end": { "line": 52, "column": 30 } },
          "loc": { "start": { "line": 52, "column": 64 }, "end": { "line": 152, "column": null } }
        },
        "1": {
          "name": "(anonymous_1)",
          "decl": { "start": { "line": 92, "column": 37 }, "end": { "line": 92, "column": 38 } },
          "loc": { "start": { "line": 92, "column": 50 }, "end": { "line": 96, "column": null } }
        },
        "2": {
          "name": "(anonymous_2)",
          "decl": { "start": { "line": 135, "column": 24 }, "end": { "line": 135, "column": 36 } },
          "loc": { "start": { "line": 135, "column": 36 }, "end": { "line": 149, "column": 3 } }
        },
        "3": {
          "name": "startTelemetry",
          "decl": { "start": { "line": 170, "column": 22 }, "end": { "line": 170, "column": 37 } },
          "loc": { "start": { "line": 170, "column": 77 }, "end": { "line": 190, "column": null } }
        }
      },
      "branchMap": {
        "0": {
          "loc": { "start": { "line": 55, "column": 4 }, "end": { "line": 55, "column": null } },
          "type": "default-arg",
          "locations": [
            { "start": { "line": 55, "column": 21 }, "end": { "line": 55, "column": null } }
          ]
        },
        "1": {
          "loc": { "start": { "line": 56, "column": 4 }, "end": { "line": 56, "column": null } },
          "type": "default-arg",
          "locations": [
            { "start": { "line": 56, "column": 18 }, "end": { "line": 56, "column": null } }
          ]
        },
        "2": {
          "loc": { "start": { "line": 56, "column": 18 }, "end": { "line": 56, "column": null } },
          "type": "binary-expr",
          "locations": [
            { "start": { "line": 56, "column": 18 }, "end": { "line": 56, "column": 45 } },
            { "start": { "line": 56, "column": 45 }, "end": { "line": 56, "column": null } }
          ]
        },
        "3": {
          "loc": { "start": { "line": 57, "column": 4 }, "end": { "line": 58, "column": null } },
          "type": "default-arg",
          "locations": [
            { "start": { "line": 57, "column": 20 }, "end": { "line": 58, "column": null } }
          ]
        },
        "4": {
          "loc": { "start": { "line": 57, "column": 20 }, "end": { "line": 58, "column": null } },
          "type": "binary-expr",
          "locations": [
            { "start": { "line": 57, "column": 20 }, "end": { "line": 57, "column": null } },
            { "start": { "line": 58, "column": 6 }, "end": { "line": 58, "column": null } }
          ]
        },
        "5": {
          "loc": { "start": { "line": 59, "column": 4 }, "end": { "line": 60, "column": null } },
          "type": "default-arg",
          "locations": [
            { "start": { "line": 59, "column": 22 }, "end": { "line": 60, "column": null } }
          ]
        },
        "6": {
          "loc": { "start": { "line": 59, "column": 22 }, "end": { "line": 60, "column": null } },
          "type": "binary-expr",
          "locations": [
            { "start": { "line": 59, "column": 22 }, "end": { "line": 59, "column": null } },
            { "start": { "line": 60, "column": 6 }, "end": { "line": 60, "column": null } }
          ]
        },
        "7": {
          "loc": { "start": { "line": 61, "column": 4 }, "end": { "line": 61, "column": null } },
          "type": "default-arg",
          "locations": [
            { "start": { "line": 61, "column": 32 }, "end": { "line": 61, "column": null } }
          ]
        },
        "8": {
          "loc": { "start": { "line": 87, "column": 27 }, "end": { "line": 124, "column": null } },
          "type": "cond-expr",
          "locations": [
            { "start": { "line": 88, "column": 6 }, "end": { "line": 123, "column": null } },
            { "start": { "line": 124, "column": 6 }, "end": { "line": 124, "column": null } }
          ]
        },
        "9": {
          "loc": { "start": { "line": 94, "column": 24 }, "end": { "line": 94, "column": null } },
          "type": "binary-expr",
          "locations": [
            { "start": { "line": 94, "column": 24 }, "end": { "line": 94, "column": 39 } },
            { "start": { "line": 94, "column": 39 }, "end": { "line": 94, "column": null } }
          ]
        },
        "10": {
          "loc": { "start": { "line": 95, "column": 19 }, "end": { "line": 95, "column": null } },
          "type": "binary-expr",
          "locations": [
            { "start": { "line": 95, "column": 19 }, "end": { "line": 95, "column": 47 } },
            { "start": { "line": 95, "column": 47 }, "end": { "line": 95, "column": null } }
          ]
        },
        "11": {
          "loc": { "start": { "line": 146, "column": 21 }, "end": { "line": 146, "column": null } },
          "type": "cond-expr",
          "locations": [
            { "start": { "line": 146, "column": 46 }, "end": { "line": 146, "column": 62 } },
            { "start": { "line": 146, "column": 62 }, "end": { "line": 146, "column": null } }
          ]
        },
        "12": {
          "loc": { "start": { "line": 186, "column": 19 }, "end": { "line": 186, "column": null } },
          "type": "cond-expr",
          "locations": [
            { "start": { "line": 186, "column": 44 }, "end": { "line": 186, "column": 60 } },
            { "start": { "line": 186, "column": 60 }, "end": { "line": 186, "column": null } }
          ]
        }
      },
      "s": {
        "0": 2,
        "1": 2,
        "2": 2,
        "3": 2,
        "4": 2,
        "5": 0,
        "6": 0,
        "7": 2,
        "8": 2,
        "9": 0,
        "10": 0,
        "11": 0,
        "12": 0,
        "13": 0,
        "14": 0,
        "15": 0,
        "16": 0,
        "17": 0,
        "18": 2,
        "19": 1,
        "20": 1,
        "21": 1,
        "22": 1,
        "23": 1,
        "24": 1,
        "25": 0,
        "26": 0,
        "27": 0,
        "28": 0,
        "29": 0
      },
      "f": { "0": 2, "1": 0, "2": 0, "3": 1 },
      "b": {
        "0": [2],
        "1": [2],
        "2": [2, 0],
        "3": [2],
        "4": [2, 2],
        "5": [2],
        "6": [2, 2],
        "7": [0],
        "8": [0, 2],
        "9": [0, 0],
        "10": [0, 0],
        "11": [0, 0],
        "12": [0, 0]
      }
    }
  }
}
